#
# There is insufficient memory for the Java Runtime Environment to continue.
# Native memory allocation (malloc) failed to allocate 779696 bytes for Chunk::new
# Possible reasons:
#   The system is out of physical RAM or swap space
#   The process is running with CompressedOops enabled, and the Java Heap may be blocking the growth of the native heap
# Possible solutions:
#   Reduce memory load on the system
#   Increase physical memory or swap space
#   Check if swap backing store is full
#   Decrease Java heap size (-Xmx/-Xms)
#   Decrease number of Java threads
#   Decrease Java thread stack sizes (-Xss)
#   Set larger code cache with -XX:ReservedCodeCacheSize=
#   JVM is running with Unscaled Compressed Oops mode in which the Java heap is
#     placed in the first 4GB address space. The Java Heap base address is the
#     maximum limit for the native heap growth. Please use -XX:HeapBaseMinAddress
#     to set the Java Heap base and to place the Java Heap above 4GB virtual address.
# This output file may be truncated or incomplete.
#
#  Out of Memory Error (arena.cpp:189), pid=28096, tid=4328
#
# JRE version: Java(TM) SE Runtime Environment (17.0.1+12) (build 17.0.1+12-LTS-39)
# Java VM: Java HotSpot(TM) 64-Bit Server VM (17.0.1+12-LTS-39, mixed mode, sharing, tiered, compressed oops, compressed class ptrs, g1 gc, windows-amd64)
# No core dump will be written. Minidumps are not enabled by default on client versions of Windows
#

---------------  S U M M A R Y ------------

Command Line: -XX:+ShowCodeDetailsInExceptionMessages -agentlib:jdwp=transport=dt_socket,suspend=y,address=localhost:60553 -javaagent:C:\Users\post\eclipse\java-2022-09\eclipse\configuration\org.eclipse.osgi\228\0\.cp\lib\javaagent-shaded.jar -Dfile.encoding=UTF-8 MainClass

Host: Intel(R) Core(TM) i5-8265U CPU @ 1.60GHz, 8 cores, 7G,  Windows 10 , 64 bit Build 22000 (10.0.22000.1219)
Time: Wed Dec  7 15:16:50 2022 GMT Standard Time elapsed time: 38.212021 seconds (0d 0h 0m 38s)

---------------  T H R E A D  ---------------

Current thread (0x000002a5e1be27c0):  JavaThread "C2 CompilerThread0" daemon [_thread_in_native, id=4328, stack(0x000000bbc7400000,0x000000bbc7500000)]


Current CompileTask:
C2:  38212 2252   !   4       javax.swing.RepaintManager$PaintManager::paintDoubleBufferedFPScales (460 bytes)

Stack: [0x000000bbc7400000,0x000000bbc7500000]
Native frames: (J=compiled Java code, j=interpreted, Vv=VM code, C=native code)
V  [jvm.dll+0x66fa1a]
V  [jvm.dll+0x7ce5a4]
V  [jvm.dll+0x7cfd4e]
V  [jvm.dll+0x7d03b3]
V  [jvm.dll+0x242b05]
V  [jvm.dll+0xaa05b]
V  [jvm.dll+0xaa5ec]
V  [jvm.dll+0x35f9b2]
V  [jvm.dll+0x329f51]
V  [jvm.dll+0x3293fa]
V  [jvm.dll+0x215bf1]
V  [jvm.dll+0x215011]
V  [jvm.dll+0x1a168d]
V  [jvm.dll+0x224848]
V  [jvm.dll+0x2229ac]
V  [jvm.dll+0x78435b]
V  [jvm.dll+0x77e91a]
V  [jvm.dll+0x66e845]
C  [ucrtbase.dll+0x26c0c]
C  [KERNEL32.DLL+0x15550]
C  [ntdll.dll+0x485b]


---------------  P R O C E S S  ---------------

Threads class SMR info:
_java_thread_list=0x000002a5e3361ba0, length=22, elements={
0x000002a5c1cc1dd0, 0x000002a5e1bbb310, 0x000002a5e1bbbec0, 0x000002a5e1bcd350,
0x000002a5e1bcdd00, 0x000002a5e1bd70e0, 0x000002a5e1bdfe80, 0x000002a5e1be27c0,
0x000002a5e1be30c0, 0x000002a5e1bee1e0, 0x000002a5e1bddcd0, 0x000002a5e29f94e0,
0x000002a5e2971100, 0x000002a5e29715f0, 0x000002a5e1bdeb40, 0x000002a5e1bdf9b0,
0x000002a5e1bdc990, 0x000002a5e1bdf4e0, 0x000002a5e1bdce60, 0x000002a5e1bdf010,
0x000002a5e333e300, 0x000002a5e333b2e0
}

Java Threads: ( => current thread )
  0x000002a5c1cc1dd0 JavaThread "main" [_thread_in_Java, id=25964, stack(0x000000bbc6700000,0x000000bbc6800000)]
  0x000002a5e1bbb310 JavaThread "Reference Handler" daemon [_thread_blocked, id=30744, stack(0x000000bbc6e00000,0x000000bbc6f00000)]
  0x000002a5e1bbbec0 JavaThread "Finalizer" daemon [_thread_blocked, id=10344, stack(0x000000bbc6f00000,0x000000bbc7000000)]
  0x000002a5e1bcd350 JavaThread "Signal Dispatcher" daemon [_thread_blocked, id=31372, stack(0x000000bbc7000000,0x000000bbc7100000)]
  0x000002a5e1bcdd00 JavaThread "Attach Listener" daemon [_thread_blocked, id=11324, stack(0x000000bbc7100000,0x000000bbc7200000)]
  0x000002a5e1bd70e0 JavaThread "Service Thread" daemon [_thread_blocked, id=29860, stack(0x000000bbc7200000,0x000000bbc7300000)]
  0x000002a5e1bdfe80 JavaThread "Monitor Deflation Thread" daemon [_thread_blocked, id=27344, stack(0x000000bbc7300000,0x000000bbc7400000)]
=>0x000002a5e1be27c0 JavaThread "C2 CompilerThread0" daemon [_thread_in_native, id=4328, stack(0x000000bbc7400000,0x000000bbc7500000)]
  0x000002a5e1be30c0 JavaThread "C1 CompilerThread0" daemon [_thread_blocked, id=14240, stack(0x000000bbc7500000,0x000000bbc7600000)]
  0x000002a5e1bee1e0 JavaThread "Sweeper thread" daemon [_thread_blocked, id=15396, stack(0x000000bbc7600000,0x000000bbc7700000)]
  0x000002a5e1bddcd0 JavaThread "Common-Cleaner" daemon [_thread_blocked, id=3296, stack(0x000000bbc7700000,0x000000bbc7800000)]
  0x000002a5e29f94e0 JavaThread "JDWP Transport Listener: dt_socket" daemon [_thread_blocked, id=30596, stack(0x000000bbc7900000,0x000000bbc7a00000)]
  0x000002a5e2971100 JavaThread "JDWP Event Helper Thread" daemon [_thread_blocked, id=19856, stack(0x000000bbc7a00000,0x000000bbc7b00000)]
  0x000002a5e29715f0 JavaThread "JDWP Command Reader" daemon [_thread_in_native, id=19248, stack(0x000000bbc7b00000,0x000000bbc7c00000)]
  0x000002a5e1bdeb40 JavaThread "Notification Thread" daemon [_thread_blocked, id=18164, stack(0x000000bbc7800000,0x000000bbc7900000)]
  0x000002a5e1bdf9b0 JavaThread "Java2D Disposer" daemon [_thread_blocked, id=12324, stack(0x000000bbc7d00000,0x000000bbc7e00000)]
  0x000002a5e1bdc990 JavaThread "AWT-Shutdown" [_thread_blocked, id=28436, stack(0x000000bbc7e00000,0x000000bbc7f00000)]
  0x000002a5e1bdf4e0 JavaThread "AWT-Windows" daemon [_thread_in_native, id=29932, stack(0x000000bbc7f00000,0x000000bbc8000000)]
  0x000002a5e1bdce60 JavaThread "AWT-EventQueue-0" [_thread_in_Java, id=30184, stack(0x000000bbc8000000,0x000000bbc8100000)]
  0x000002a5e1bdf010 JavaThread "Thread-0" [_thread_blocked, id=13120, stack(0x000000bbc8400000,0x000000bbc8500000)]
  0x000002a5e333e300 JavaThread "Thread-1" [_thread_blocked, id=8448, stack(0x000000bbc8500000,0x000000bbc8600000)]
  0x000002a5e333b2e0 JavaThread "TimerQueue" daemon [_thread_blocked, id=29680, stack(0x000000bbc8600000,0x000000bbc8700000)]

Other Threads:
  0x000002a5e1bb6870 VMThread "VM Thread" [stack: 0x000000bbc6d00000,0x000000bbc6e00000] [id=14632]
  0x000002a5c1cc2b50 WatcherThread [stack: 0x000000bbc7c00000,0x000000bbc7d00000] [id=1624]
  0x000002a5c1cfee30 GCTaskThread "GC Thread#0" [stack: 0x000000bbc6800000,0x000000bbc6900000] [id=9956]
  0x000002a5e33a2c60 GCTaskThread "GC Thread#1" [stack: 0x000000bbc8700000,0x000000bbc8800000] [id=8692]
  0x000002a5e33a2f10 GCTaskThread "GC Thread#2" [stack: 0x000000bbc8800000,0x000000bbc8900000] [id=13008]
  0x000002a5e33a31c0 GCTaskThread "GC Thread#3" [stack: 0x000000bbc8900000,0x000000bbc8a00000] [id=2344]
  0x000002a5e33a5f30 GCTaskThread "GC Thread#4" [stack: 0x000000bbc8a00000,0x000000bbc8b00000] [id=7784]
  0x000002a5e33a81f0 GCTaskThread "GC Thread#5" [stack: 0x000000bbc8b00000,0x000000bbc8c00000] [id=21364]
  0x000002a5e33a84a0 GCTaskThread "GC Thread#6" [stack: 0x000000bbc8c00000,0x000000bbc8d00000] [id=29416]
  0x000002a5e33ab210 GCTaskThread "GC Thread#7" [stack: 0x000000bbc8d00000,0x000000bbc8e00000] [id=25384]
  0x000002a5c1d10070 ConcurrentGCThread "G1 Main Marker" [stack: 0x000000bbc6900000,0x000000bbc6a00000] [id=24272]
  0x000002a5c1d10a80 ConcurrentGCThread "G1 Conc#0" [stack: 0x000000bbc6a00000,0x000000bbc6b00000] [id=24500]
  0x000002a5e1a70090 ConcurrentGCThread "G1 Refine#0" [stack: 0x000000bbc6b00000,0x000000bbc6c00000] [id=18372]
  0x000002a5e1a70ab0 ConcurrentGCThread "G1 Service" [stack: 0x000000bbc6c00000,0x000000bbc6d00000] [id=29320]

Threads with active compile tasks:
C2 CompilerThread0    38275 2252   !   4       javax.swing.RepaintManager$PaintManager::paintDoubleBufferedFPScales (460 bytes)

VM state: not at safepoint (normal execution)

VM Mutex/Monitor currently owned by a thread: None

Heap address: 0x0000000083000000, size: 2000 MB, Compressed Oops mode: 32-bit

CDS archive(s) mapped at: [0x0000000800000000-0x0000000800bc0000-0x0000000800bc0000), size 12320768, SharedBaseAddress: 0x0000000800000000, ArchiveRelocationMode: 0.
Compressed class space mapped at: 0x0000000800c00000-0x0000000840c00000, reserved size: 1073741824
Narrow klass base: 0x0000000800000000, Narrow klass shift: 0, Narrow klass range: 0x100000000

GC Precious Log:
 CPUs: 8 total, 8 available
 Memory: 7998M
 Large Page Support: Disabled
 NUMA Support: Disabled
 Compressed Oops: Enabled (32-bit)
 Heap Region Size: 1M
 Heap Min Capacity: 8M
 Heap Initial Capacity: 126M
 Heap Max Capacity: 2000M
 Pre-touch: Disabled
 Parallel Workers: 8
 Concurrent Workers: 2
 Concurrent Refinement Workers: 8
 Periodic GC: Disabled

Heap:
 garbage-first heap   total 129024K, used 80851K [0x0000000083000000, 0x0000000100000000)
  region size 1024K, 73 young (74752K), 1 survivors (1024K)
 Metaspace       used 11362K, committed 11584K, reserved 1064960K
  class space    used 1166K, committed 1280K, reserved 1048576K

Heap Regions: E=young(eden), S=young(survivor), O=old, HS=humongous(starts), HC=humongous(continues), CS=collection set, F=free, OA=open archive, CA=closed archive, TAMS=top-at-mark-start (previous, next)
|   0|0x0000000083000000, 0x0000000083100000, 0x0000000083100000|100%|HS|  |TAMS 0x0000000083000000, 0x0000000083000000| Complete 
|   1|0x0000000083100000, 0x0000000083200000, 0x0000000083200000|100%|HC|  |TAMS 0x0000000083100000, 0x0000000083100000| Complete 
|   2|0x0000000083200000, 0x0000000083300000, 0x0000000083300000|100%|HS|  |TAMS 0x0000000083200000, 0x0000000083200000| Complete 
|   3|0x0000000083300000, 0x0000000083400000, 0x0000000083400000|100%|HC|  |TAMS 0x0000000083300000, 0x0000000083300000| Complete 
|   4|0x0000000083400000, 0x0000000083500000, 0x0000000083500000|100%|HC|  |TAMS 0x0000000083400000, 0x0000000083400000| Complete 
|   5|0x0000000083500000, 0x0000000083600000, 0x0000000083600000|100%| O|  |TAMS 0x0000000083500000, 0x0000000083500000| Untracked 
|   6|0x0000000083600000, 0x0000000083700000, 0x0000000083700000|100%| O|  |TAMS 0x0000000083600000, 0x0000000083600000| Untracked 
|   7|0x0000000083700000, 0x0000000083780000, 0x0000000083800000| 50%| O|  |TAMS 0x0000000083700000, 0x0000000083700000| Untracked 
|   8|0x0000000083800000, 0x0000000083800000, 0x0000000083900000|  0%| F|  |TAMS 0x0000000083800000, 0x0000000083800000| Untracked 
|   9|0x0000000083900000, 0x0000000083900000, 0x0000000083a00000|  0%| F|  |TAMS 0x0000000083900000, 0x0000000083900000| Untracked 
|  10|0x0000000083a00000, 0x0000000083a00000, 0x0000000083b00000|  0%| F|  |TAMS 0x0000000083a00000, 0x0000000083a00000| Untracked 
|  11|0x0000000083b00000, 0x0000000083b00000, 0x0000000083c00000|  0%| F|  |TAMS 0x0000000083b00000, 0x0000000083b00000| Untracked 
|  12|0x0000000083c00000, 0x0000000083c00000, 0x0000000083d00000|  0%| F|  |TAMS 0x0000000083c00000, 0x0000000083c00000| Untracked 
|  13|0x0000000083d00000, 0x0000000083d00000, 0x0000000083e00000|  0%| F|  |TAMS 0x0000000083d00000, 0x0000000083d00000| Untracked 
|  14|0x0000000083e00000, 0x0000000083e00000, 0x0000000083f00000|  0%| F|  |TAMS 0x0000000083e00000, 0x0000000083e00000| Untracked 
|  15|0x0000000083f00000, 0x0000000083f00000, 0x0000000084000000|  0%| F|  |TAMS 0x0000000083f00000, 0x0000000083f00000| Untracked 
|  16|0x0000000084000000, 0x0000000084000000, 0x0000000084100000|  0%| F|  |TAMS 0x0000000084000000, 0x0000000084000000| Untracked 
|  17|0x0000000084100000, 0x0000000084100000, 0x0000000084200000|  0%| F|  |TAMS 0x0000000084100000, 0x0000000084100000| Untracked 
|  18|0x0000000084200000, 0x0000000084200000, 0x0000000084300000|  0%| F|  |TAMS 0x0000000084200000, 0x0000000084200000| Untracked 
|  19|0x0000000084300000, 0x0000000084300000, 0x0000000084400000|  0%| F|  |TAMS 0x0000000084300000, 0x0000000084300000| Untracked 
|  20|0x0000000084400000, 0x0000000084400000, 0x0000000084500000|  0%| F|  |TAMS 0x0000000084400000, 0x0000000084400000| Untracked 
|  21|0x0000000084500000, 0x0000000084500000, 0x0000000084600000|  0%| F|  |TAMS 0x0000000084500000, 0x0000000084500000| Untracked 
|  22|0x0000000084600000, 0x0000000084600000, 0x0000000084700000|  0%| F|  |TAMS 0x0000000084600000, 0x0000000084600000| Untracked 
|  23|0x0000000084700000, 0x0000000084700000, 0x0000000084800000|  0%| F|  |TAMS 0x0000000084700000, 0x0000000084700000| Untracked 
|  24|0x0000000084800000, 0x0000000084800000, 0x0000000084900000|  0%| F|  |TAMS 0x0000000084800000, 0x0000000084800000| Untracked 
|  25|0x0000000084900000, 0x0000000084900000, 0x0000000084a00000|  0%| F|  |TAMS 0x0000000084900000, 0x0000000084900000| Untracked 
|  26|0x0000000084a00000, 0x0000000084a00000, 0x0000000084b00000|  0%| F|  |TAMS 0x0000000084a00000, 0x0000000084a00000| Untracked 
|  27|0x0000000084b00000, 0x0000000084b00000, 0x0000000084c00000|  0%| F|  |TAMS 0x0000000084b00000, 0x0000000084b00000| Untracked 
|  28|0x0000000084c00000, 0x0000000084c00000, 0x0000000084d00000|  0%| F|  |TAMS 0x0000000084c00000, 0x0000000084c00000| Untracked 
|  29|0x0000000084d00000, 0x0000000084d00000, 0x0000000084e00000|  0%| F|  |TAMS 0x0000000084d00000, 0x0000000084d00000| Untracked 
|  30|0x0000000084e00000, 0x0000000084e00000, 0x0000000084f00000|  0%| F|  |TAMS 0x0000000084e00000, 0x0000000084e00000| Untracked 
|  31|0x0000000084f00000, 0x0000000084f00000, 0x0000000085000000|  0%| F|  |TAMS 0x0000000084f00000, 0x0000000084f00000| Untracked 
|  32|0x0000000085000000, 0x0000000085000000, 0x0000000085100000|  0%| F|  |TAMS 0x0000000085000000, 0x0000000085000000| Untracked 
|  33|0x0000000085100000, 0x0000000085100000, 0x0000000085200000|  0%| F|  |TAMS 0x0000000085100000, 0x0000000085100000| Untracked 
|  34|0x0000000085200000, 0x0000000085200000, 0x0000000085300000|  0%| F|  |TAMS 0x0000000085200000, 0x0000000085200000| Untracked 
|  35|0x0000000085300000, 0x0000000085300000, 0x0000000085400000|  0%| F|  |TAMS 0x0000000085300000, 0x0000000085300000| Untracked 
|  36|0x0000000085400000, 0x0000000085400000, 0x0000000085500000|  0%| F|  |TAMS 0x0000000085400000, 0x0000000085400000| Untracked 
|  37|0x0000000085500000, 0x0000000085500000, 0x0000000085600000|  0%| F|  |TAMS 0x0000000085500000, 0x0000000085500000| Untracked 
|  38|0x0000000085600000, 0x0000000085600000, 0x0000000085700000|  0%| F|  |TAMS 0x0000000085600000, 0x0000000085600000| Untracked 
|  39|0x0000000085700000, 0x0000000085700000, 0x0000000085800000|  0%| F|  |TAMS 0x0000000085700000, 0x0000000085700000| Untracked 
|  40|0x0000000085800000, 0x0000000085800000, 0x0000000085900000|  0%| F|  |TAMS 0x0000000085800000, 0x0000000085800000| Untracked 
|  41|0x0000000085900000, 0x0000000085900000, 0x0000000085a00000|  0%| F|  |TAMS 0x0000000085900000, 0x0000000085900000| Untracked 
|  42|0x0000000085a00000, 0x0000000085a00000, 0x0000000085b00000|  0%| F|  |TAMS 0x0000000085a00000, 0x0000000085a00000| Untracked 
|  43|0x0000000085b00000, 0x0000000085b00000, 0x0000000085c00000|  0%| F|  |TAMS 0x0000000085b00000, 0x0000000085b00000| Untracked 
|  44|0x0000000085c00000, 0x0000000085c00000, 0x0000000085d00000|  0%| F|  |TAMS 0x0000000085c00000, 0x0000000085c00000| Untracked 
|  45|0x0000000085d00000, 0x0000000085d00000, 0x0000000085e00000|  0%| F|  |TAMS 0x0000000085d00000, 0x0000000085d00000| Untracked 
|  46|0x0000000085e00000, 0x0000000085e00000, 0x0000000085f00000|  0%| F|  |TAMS 0x0000000085e00000, 0x0000000085e00000| Untracked 
|  47|0x0000000085f00000, 0x0000000085f00000, 0x0000000086000000|  0%| F|  |TAMS 0x0000000085f00000, 0x0000000085f00000| Untracked 
|  48|0x0000000086000000, 0x0000000086000000, 0x0000000086100000|  0%| F|  |TAMS 0x0000000086000000, 0x0000000086000000| Untracked 
|  49|0x0000000086100000, 0x0000000086100000, 0x0000000086200000|  0%| F|  |TAMS 0x0000000086100000, 0x0000000086100000| Untracked 
|  50|0x0000000086200000, 0x0000000086274ce0, 0x0000000086300000| 45%| S|CS|TAMS 0x0000000086200000, 0x0000000086200000| Complete 
|  51|0x0000000086300000, 0x0000000086300000, 0x0000000086400000|  0%| F|  |TAMS 0x0000000086300000, 0x0000000086300000| Untracked 
|  52|0x0000000086400000, 0x0000000086400000, 0x0000000086500000|  0%| F|  |TAMS 0x0000000086400000, 0x0000000086400000| Untracked 
|  53|0x0000000086500000, 0x0000000086500000, 0x0000000086600000|  0%| F|  |TAMS 0x0000000086500000, 0x0000000086500000| Untracked 
|  54|0x0000000086600000, 0x0000000086700000, 0x0000000086700000|100%| E|  |TAMS 0x0000000086600000, 0x0000000086600000| Complete 
|  55|0x0000000086700000, 0x0000000086800000, 0x0000000086800000|100%| E|CS|TAMS 0x0000000086700000, 0x0000000086700000| Complete 
|  56|0x0000000086800000, 0x0000000086900000, 0x0000000086900000|100%| E|CS|TAMS 0x0000000086800000, 0x0000000086800000| Complete 
|  57|0x0000000086900000, 0x0000000086a00000, 0x0000000086a00000|100%| E|CS|TAMS 0x0000000086900000, 0x0000000086900000| Complete 
|  58|0x0000000086a00000, 0x0000000086b00000, 0x0000000086b00000|100%| E|CS|TAMS 0x0000000086a00000, 0x0000000086a00000| Complete 
|  59|0x0000000086b00000, 0x0000000086c00000, 0x0000000086c00000|100%| E|CS|TAMS 0x0000000086b00000, 0x0000000086b00000| Complete 
|  60|0x0000000086c00000, 0x0000000086d00000, 0x0000000086d00000|100%| E|CS|TAMS 0x0000000086c00000, 0x0000000086c00000| Complete 
|  61|0x0000000086d00000, 0x0000000086e00000, 0x0000000086e00000|100%| E|CS|TAMS 0x0000000086d00000, 0x0000000086d00000| Complete 
|  62|0x0000000086e00000, 0x0000000086f00000, 0x0000000086f00000|100%| E|CS|TAMS 0x0000000086e00000, 0x0000000086e00000| Complete 
|  63|0x0000000086f00000, 0x0000000087000000, 0x0000000087000000|100%| E|CS|TAMS 0x0000000086f00000, 0x0000000086f00000| Complete 
|  64|0x0000000087000000, 0x0000000087100000, 0x0000000087100000|100%| E|CS|TAMS 0x0000000087000000, 0x0000000087000000| Complete 
|  65|0x0000000087100000, 0x0000000087200000, 0x0000000087200000|100%| E|CS|TAMS 0x0000000087100000, 0x0000000087100000| Complete 
|  66|0x0000000087200000, 0x0000000087300000, 0x0000000087300000|100%| E|CS|TAMS 0x0000000087200000, 0x0000000087200000| Complete 
|  67|0x0000000087300000, 0x0000000087400000, 0x0000000087400000|100%| E|CS|TAMS 0x0000000087300000, 0x0000000087300000| Complete 
|  68|0x0000000087400000, 0x0000000087500000, 0x0000000087500000|100%| E|CS|TAMS 0x0000000087400000, 0x0000000087400000| Complete 
|  69|0x0000000087500000, 0x0000000087600000, 0x0000000087600000|100%| E|CS|TAMS 0x0000000087500000, 0x0000000087500000| Complete 
|  70|0x0000000087600000, 0x0000000087700000, 0x0000000087700000|100%| E|CS|TAMS 0x0000000087600000, 0x0000000087600000| Complete 
|  71|0x0000000087700000, 0x0000000087800000, 0x0000000087800000|100%| E|CS|TAMS 0x0000000087700000, 0x0000000087700000| Complete 
|  72|0x0000000087800000, 0x0000000087900000, 0x0000000087900000|100%| E|CS|TAMS 0x0000000087800000, 0x0000000087800000| Complete 
|  73|0x0000000087900000, 0x0000000087a00000, 0x0000000087a00000|100%| E|CS|TAMS 0x0000000087900000, 0x0000000087900000| Complete 
|  74|0x0000000087a00000, 0x0000000087b00000, 0x0000000087b00000|100%| E|CS|TAMS 0x0000000087a00000, 0x0000000087a00000| Complete 
|  75|0x0000000087b00000, 0x0000000087c00000, 0x0000000087c00000|100%| E|CS|TAMS 0x0000000087b00000, 0x0000000087b00000| Complete 
|  76|0x0000000087c00000, 0x0000000087d00000, 0x0000000087d00000|100%| E|CS|TAMS 0x0000000087c00000, 0x0000000087c00000| Complete 
|  77|0x0000000087d00000, 0x0000000087e00000, 0x0000000087e00000|100%| E|CS|TAMS 0x0000000087d00000, 0x0000000087d00000| Complete 
|  78|0x0000000087e00000, 0x0000000087f00000, 0x0000000087f00000|100%| E|CS|TAMS 0x0000000087e00000, 0x0000000087e00000| Complete 
|  79|0x0000000087f00000, 0x0000000088000000, 0x0000000088000000|100%| E|CS|TAMS 0x0000000087f00000, 0x0000000087f00000| Complete 
|  80|0x0000000088000000, 0x0000000088100000, 0x0000000088100000|100%| E|CS|TAMS 0x0000000088000000, 0x0000000088000000| Complete 
|  81|0x0000000088100000, 0x0000000088200000, 0x0000000088200000|100%| E|CS|TAMS 0x0000000088100000, 0x0000000088100000| Complete 
|  82|0x0000000088200000, 0x0000000088300000, 0x0000000088300000|100%| E|CS|TAMS 0x0000000088200000, 0x0000000088200000| Complete 
|  83|0x0000000088300000, 0x0000000088400000, 0x0000000088400000|100%| E|CS|TAMS 0x0000000088300000, 0x0000000088300000| Complete 
|  84|0x0000000088400000, 0x0000000088500000, 0x0000000088500000|100%| E|CS|TAMS 0x0000000088400000, 0x0000000088400000| Complete 
|  85|0x0000000088500000, 0x0000000088600000, 0x0000000088600000|100%| E|CS|TAMS 0x0000000088500000, 0x0000000088500000| Complete 
|  86|0x0000000088600000, 0x0000000088700000, 0x0000000088700000|100%| E|CS|TAMS 0x0000000088600000, 0x0000000088600000| Complete 
|  87|0x0000000088700000, 0x0000000088800000, 0x0000000088800000|100%| E|CS|TAMS 0x0000000088700000, 0x0000000088700000| Complete 
|  88|0x0000000088800000, 0x0000000088900000, 0x0000000088900000|100%| E|CS|TAMS 0x0000000088800000, 0x0000000088800000| Complete 
|  89|0x0000000088900000, 0x0000000088a00000, 0x0000000088a00000|100%| E|CS|TAMS 0x0000000088900000, 0x0000000088900000| Complete 
|  90|0x0000000088a00000, 0x0000000088b00000, 0x0000000088b00000|100%| E|CS|TAMS 0x0000000088a00000, 0x0000000088a00000| Complete 
|  91|0x0000000088b00000, 0x0000000088c00000, 0x0000000088c00000|100%| E|CS|TAMS 0x0000000088b00000, 0x0000000088b00000| Complete 
|  92|0x0000000088c00000, 0x0000000088d00000, 0x0000000088d00000|100%| E|CS|TAMS 0x0000000088c00000, 0x0000000088c00000| Complete 
|  93|0x0000000088d00000, 0x0000000088e00000, 0x0000000088e00000|100%| E|CS|TAMS 0x0000000088d00000, 0x0000000088d00000| Complete 
|  94|0x0000000088e00000, 0x0000000088f00000, 0x0000000088f00000|100%| E|CS|TAMS 0x0000000088e00000, 0x0000000088e00000| Complete 
|  95|0x0000000088f00000, 0x0000000089000000, 0x0000000089000000|100%| E|CS|TAMS 0x0000000088f00000, 0x0000000088f00000| Complete 
|  96|0x0000000089000000, 0x0000000089100000, 0x0000000089100000|100%| E|CS|TAMS 0x0000000089000000, 0x0000000089000000| Complete 
|  97|0x0000000089100000, 0x0000000089200000, 0x0000000089200000|100%| E|CS|TAMS 0x0000000089100000, 0x0000000089100000| Complete 
|  98|0x0000000089200000, 0x0000000089300000, 0x0000000089300000|100%| E|CS|TAMS 0x0000000089200000, 0x0000000089200000| Complete 
|  99|0x0000000089300000, 0x0000000089400000, 0x0000000089400000|100%| E|CS|TAMS 0x0000000089300000, 0x0000000089300000| Complete 
| 100|0x0000000089400000, 0x0000000089500000, 0x0000000089500000|100%| E|CS|TAMS 0x0000000089400000, 0x0000000089400000| Complete 
| 101|0x0000000089500000, 0x0000000089600000, 0x0000000089600000|100%| E|CS|TAMS 0x0000000089500000, 0x0000000089500000| Complete 
| 102|0x0000000089600000, 0x0000000089700000, 0x0000000089700000|100%| E|CS|TAMS 0x0000000089600000, 0x0000000089600000| Complete 
| 103|0x0000000089700000, 0x0000000089800000, 0x0000000089800000|100%| E|CS|TAMS 0x0000000089700000, 0x0000000089700000| Complete 
| 104|0x0000000089800000, 0x0000000089900000, 0x0000000089900000|100%| E|CS|TAMS 0x0000000089800000, 0x0000000089800000| Complete 
| 105|0x0000000089900000, 0x0000000089a00000, 0x0000000089a00000|100%| E|CS|TAMS 0x0000000089900000, 0x0000000089900000| Complete 
| 106|0x0000000089a00000, 0x0000000089b00000, 0x0000000089b00000|100%| E|CS|TAMS 0x0000000089a00000, 0x0000000089a00000| Complete 
| 107|0x0000000089b00000, 0x0000000089c00000, 0x0000000089c00000|100%| E|CS|TAMS 0x0000000089b00000, 0x0000000089b00000| Complete 
| 108|0x0000000089c00000, 0x0000000089d00000, 0x0000000089d00000|100%| E|CS|TAMS 0x0000000089c00000, 0x0000000089c00000| Complete 
| 109|0x0000000089d00000, 0x0000000089e00000, 0x0000000089e00000|100%| E|CS|TAMS 0x0000000089d00000, 0x0000000089d00000| Complete 
| 110|0x0000000089e00000, 0x0000000089f00000, 0x0000000089f00000|100%| E|CS|TAMS 0x0000000089e00000, 0x0000000089e00000| Complete 
| 111|0x0000000089f00000, 0x000000008a000000, 0x000000008a000000|100%| E|CS|TAMS 0x0000000089f00000, 0x0000000089f00000| Complete 
| 112|0x000000008a000000, 0x000000008a100000, 0x000000008a100000|100%| E|CS|TAMS 0x000000008a000000, 0x000000008a000000| Complete 
| 113|0x000000008a100000, 0x000000008a200000, 0x000000008a200000|100%| E|CS|TAMS 0x000000008a100000, 0x000000008a100000| Complete 
| 114|0x000000008a200000, 0x000000008a300000, 0x000000008a300000|100%| E|CS|TAMS 0x000000008a200000, 0x000000008a200000| Complete 
| 115|0x000000008a300000, 0x000000008a400000, 0x000000008a400000|100%| E|CS|TAMS 0x000000008a300000, 0x000000008a300000| Complete 
| 116|0x000000008a400000, 0x000000008a500000, 0x000000008a500000|100%| E|CS|TAMS 0x000000008a400000, 0x000000008a400000| Complete 
| 117|0x000000008a500000, 0x000000008a600000, 0x000000008a600000|100%| E|CS|TAMS 0x000000008a500000, 0x000000008a500000| Complete 
| 118|0x000000008a600000, 0x000000008a700000, 0x000000008a700000|100%| E|CS|TAMS 0x000000008a600000, 0x000000008a600000| Complete 
| 119|0x000000008a700000, 0x000000008a800000, 0x000000008a800000|100%| E|CS|TAMS 0x000000008a700000, 0x000000008a700000| Complete 
| 120|0x000000008a800000, 0x000000008a900000, 0x000000008a900000|100%| E|CS|TAMS 0x000000008a800000, 0x000000008a800000| Complete 
| 121|0x000000008a900000, 0x000000008aa00000, 0x000000008aa00000|100%| E|CS|TAMS 0x000000008a900000, 0x000000008a900000| Complete 
| 122|0x000000008aa00000, 0x000000008ab00000, 0x000000008ab00000|100%| E|CS|TAMS 0x000000008aa00000, 0x000000008aa00000| Complete 
| 123|0x000000008ab00000, 0x000000008ac00000, 0x000000008ac00000|100%| E|CS|TAMS 0x000000008ab00000, 0x000000008ab00000| Complete 
| 124|0x000000008ac00000, 0x000000008ad00000, 0x000000008ad00000|100%| E|CS|TAMS 0x000000008ac00000, 0x000000008ac00000| Complete 
| 125|0x000000008ad00000, 0x000000008ae00000, 0x000000008ae00000|100%| E|CS|TAMS 0x000000008ad00000, 0x000000008ad00000| Complete 

Card table byte_map: [0x000002a5daaf0000,0x000002a5daee0000] _byte_map_base: 0x000002a5da6d8000

Marking Bits (Prev, Next): (CMBitMap*) 0x000002a5c1cff440, (CMBitMap*) 0x000002a5c1cff480
 Prev Bits: [0x000002a5db2d0000, 0x000002a5dd210000)
 Next Bits: [0x000002a5dd210000, 0x000002a5df150000)

Polling page: 0x000002a5c1d90000

Metaspace:

Usage:
  Non-class:      9.96 MB used.
      Class:      1.14 MB used.
       Both:     11.10 MB used.

Virtual space:
  Non-class space:       16.00 MB reserved,      10.06 MB ( 63%) committed,  2 nodes.
      Class space:        1.00 GB reserved,       1.25 MB ( <1%) committed,  1 nodes.
             Both:        1.02 GB reserved,      11.31 MB (  1%) committed. 

Chunk freelists:
   Non-Class:  1.00 MB
       Class:  2.74 MB
        Both:  3.74 MB

MaxMetaspaceSize: unlimited
CompressedClassSpaceSize: 1.00 GB
Initial GC threshold: 21.00 MB
Current GC threshold: 21.00 MB
CDS: on
MetaspaceReclaimPolicy: balanced
 - commit_granule_bytes: 65536.
 - commit_granule_words: 8192.
 - virtual_space_node_default_size: 1048576.
 - enlarge_chunks_in_place: 1.
 - new_chunks_are_fully_committed: 0.
 - uncommit_free_chunks: 1.
 - use_allocation_guard: 0.
 - handle_deallocations: 1.


Internal statistics:

num_allocs_failed_limit: 0.
num_arena_births: 118.
num_arena_deaths: 0.
num_vsnodes_births: 3.
num_vsnodes_deaths: 0.
num_space_committed: 181.
num_space_uncommitted: 0.
num_chunks_returned_to_freelist: 0.
num_chunks_taken_from_freelist: 185.
num_chunk_merges: 0.
num_chunk_splits: 107.
num_chunks_enlarged: 56.
num_purges: 0.
num_inconsistent_stats: 0.

CodeHeap 'non-profiled nmethods': size=120000Kb used=1823Kb max_used=1823Kb free=118177Kb
 bounds [0x000002a5d2760000, 0x000002a5d29d0000, 0x000002a5d9c90000]
CodeHeap 'profiled nmethods': size=120000Kb used=3693Kb max_used=3693Kb free=116306Kb
 bounds [0x000002a5cb230000, 0x000002a5cb5d0000, 0x000002a5d2760000]
CodeHeap 'non-nmethods': size=5760Kb used=1352Kb max_used=1405Kb free=4407Kb
 bounds [0x000002a5cac90000, 0x000002a5caf00000, 0x000002a5cb230000]
 total_blobs=2861 nmethods=2249 adapters=524
 compilation: enabled
              stopped_count=0, restarted_count=0
 full_count=0

Compilation events (20 events):
Event: 35.774 Thread 0x000002a5e1be27c0 nmethod 2241 0x000002a5d2915690 code [0x000002a5d2915820, 0x000002a5d29159f8]
Event: 35.887 Thread 0x000002a5e1be27c0 2242       4       java.awt.image.BufferedImage::<init> (913 bytes)
Event: 35.901 Thread 0x000002a5e1be27c0 nmethod 2242 0x000002a5d2915c90 code [0x000002a5d2915e40, 0x000002a5d2916388]
Event: 36.192 Thread 0x000002a5e1be27c0 2243   !   4       javax.swing.JComponent::paintToOffscreen (108 bytes)
Event: 36.197 Thread 0x000002a5e1be27c0 nmethod 2243 0x000002a5d2916690 code [0x000002a5d2916840, 0x000002a5d2916a48]
Event: 36.729 Thread 0x000002a5e1be27c0 2244       4       sun.awt.image.SunVolatileImage::<init> (130 bytes)
Event: 36.767 Thread 0x000002a5e1be27c0 nmethod 2244 0x000002a5d2916c90 code [0x000002a5d2916ec0, 0x000002a5d2918248]
Event: 36.767 Thread 0x000002a5e1be27c0 2245       4       sun.awt.image.SunVolatileImage::createSurfaceManager (52 bytes)
Event: 36.779 Thread 0x000002a5e1be27c0 nmethod 2245 0x000002a5d2918d10 code [0x000002a5d2918f00, 0x000002a5d2919588]
Event: 36.780 Thread 0x000002a5e1be27c0 2246       4       sun.java2d.WindowsSurfaceManagerFactory::createVolatileManager (49 bytes)
Event: 36.790 Thread 0x000002a5e1be27c0 nmethod 2246 0x000002a5d2919b90 code [0x000002a5d2919d60, 0x000002a5d291a208]
Event: 36.791 Thread 0x000002a5e1be27c0 2248       4       sun.java2d.SunGraphics2D::translate (14 bytes)
Event: 36.812 Thread 0x000002a5e1be27c0 nmethod 2248 0x000002a5d291a710 code [0x000002a5d291a8e0, 0x000002a5d291b308]
Event: 36.812 Thread 0x000002a5e1be27c0 2249   !   4       javax.swing.plaf.metal.MetalUtils$GradientPainter::paint (89 bytes)
Event: 36.879 Thread 0x000002a5e1be27c0 nmethod 2249 0x000002a5d291b610 code [0x000002a5d291b840, 0x000002a5d291d140]
Event: 36.879 Thread 0x000002a5e1be27c0 2250   !   4       sun.swing.CachedPainter::paint (47 bytes)
Event: 36.935 Thread 0x000002a5e1be27c0 nmethod 2250 0x000002a5d291e590 code [0x000002a5d291e7a0, 0x000002a5d291fa60]
Event: 36.935 Thread 0x000002a5e1be27c0 2251       4       sun.swing.CachedPainter::getImage (474 bytes)
Event: 37.305 Thread 0x000002a5e1be27c0 nmethod 2251 0x000002a5d2920a90 code [0x000002a5d2920e20, 0x000002a5d2925000]
Event: 38.036 Thread 0x000002a5e1be27c0 2252   !   4       javax.swing.RepaintManager$PaintManager::paintDoubleBufferedFPScales (460 bytes)

GC Heap History (10 events):
Event: 2.189 GC heap before
{Heap before GC invocations=0 (full 0):
 garbage-first heap   total 129024K, used 27648K [0x0000000083000000, 0x0000000100000000)
  region size 1024K, 23 young (23552K), 0 survivors (0K)
 Metaspace       used 10947K, committed 11200K, reserved 1064960K
  class space    used 1165K, committed 1280K, reserved 1048576K
}
Event: 2.193 GC heap after
{Heap after GC invocations=1 (full 0):
 garbage-first heap   total 129024K, used 7824K [0x0000000083000000, 0x0000000100000000)
  region size 1024K, 3 young (3072K), 3 survivors (3072K)
 Metaspace       used 10947K, committed 11200K, reserved 1064960K
  class space    used 1165K, committed 1280K, reserved 1048576K
}
Event: 4.695 GC heap before
{Heap before GC invocations=1 (full 0):
 garbage-first heap   total 129024K, used 40592K [0x0000000083000000, 0x0000000100000000)
  region size 1024K, 36 young (36864K), 3 survivors (3072K)
 Metaspace       used 11323K, committed 11520K, reserved 1064960K
  class space    used 1165K, committed 1280K, reserved 1048576K
}
Event: 4.701 GC heap after
{Heap after GC invocations=2 (full 0):
 garbage-first heap   total 129024K, used 8186K [0x0000000083000000, 0x0000000100000000)
  region size 1024K, 1 young (1024K), 1 survivors (1024K)
 Metaspace       used 11323K, committed 11520K, reserved 1064960K
  class space    used 1165K, committed 1280K, reserved 1048576K
}
Event: 12.826 GC heap before
{Heap before GC invocations=2 (full 0):
 garbage-first heap   total 129024K, used 83962K [0x0000000083000000, 0x0000000100000000)
  region size 1024K, 75 young (76800K), 1 survivors (1024K)
 Metaspace       used 11360K, committed 11584K, reserved 1064960K
  class space    used 1165K, committed 1280K, reserved 1048576K
}
Event: 12.828 GC heap after
{Heap after GC invocations=3 (full 0):
 garbage-first heap   total 129024K, used 8202K [0x0000000083000000, 0x0000000100000000)
  region size 1024K, 1 young (1024K), 1 survivors (1024K)
 Metaspace       used 11360K, committed 11584K, reserved 1064960K
  class space    used 1165K, committed 1280K, reserved 1048576K
}
Event: 19.513 GC heap before
{Heap before GC invocations=3 (full 0):
 garbage-first heap   total 129024K, used 83978K [0x0000000083000000, 0x0000000100000000)
  region size 1024K, 75 young (76800K), 1 survivors (1024K)
 Metaspace       used 11362K, committed 11584K, reserved 1064960K
  class space    used 1166K, committed 1280K, reserved 1048576K
}
Event: 19.515 GC heap after
{Heap after GC invocations=4 (full 0):
 garbage-first heap   total 129024K, used 8143K [0x0000000083000000, 0x0000000100000000)
  region size 1024K, 1 young (1024K), 1 survivors (1024K)
 Metaspace       used 11362K, committed 11584K, reserved 1064960K
  class space    used 1166K, committed 1280K, reserved 1048576K
}
Event: 28.271 GC heap before
{Heap before GC invocations=4 (full 0):
 garbage-first heap   total 129024K, used 83919K [0x0000000083000000, 0x0000000100000000)
  region size 1024K, 75 young (76800K), 1 survivors (1024K)
 Metaspace       used 11362K, committed 11584K, reserved 1064960K
  class space    used 1166K, committed 1280K, reserved 1048576K
}
Event: 28.275 GC heap after
{Heap after GC invocations=5 (full 0):
 garbage-first heap   total 129024K, used 8147K [0x0000000083000000, 0x0000000100000000)
  region size 1024K, 1 young (1024K), 1 survivors (1024K)
 Metaspace       used 11362K, committed 11584K, reserved 1064960K
  class space    used 1166K, committed 1280K, reserved 1048576K
}

Deoptimization events (20 events):
Event: 0.473 Thread 0x000002a5c1cc1dd0 DEOPT PACKING pc=0x000002a5cb2a53b4 sp=0x000000bbc67f7cf0
Event: 0.473 Thread 0x000002a5c1cc1dd0 DEOPT UNPACKING pc=0x000002a5cace2b43 sp=0x000000bbc67f7158 mode 0
Event: 0.672 Thread 0x000002a5c1cc1dd0 DEOPT PACKING pc=0x000002a5cb2577ea sp=0x000000bbc67fd8e0
Event: 0.672 Thread 0x000002a5c1cc1dd0 DEOPT UNPACKING pc=0x000002a5cace2b43 sp=0x000000bbc67fcd00 mode 0
Event: 1.021 Thread 0x000002a5c1cc1dd0 Uncommon trap: trap_request=0xffffff45 fr.pc=0x000002a5d277bf54 relative=0x0000000000000294
Event: 1.021 Thread 0x000002a5c1cc1dd0 Uncommon trap: reason=unstable_if action=reinterpret pc=0x000002a5d277bf54 method=java.lang.invoke.VarHandle.checkExactAccessMode(Ljava/lang/invoke/VarHandle$AccessDescriptor;)V @ 4 c2
Event: 1.021 Thread 0x000002a5c1cc1dd0 DEOPT PACKING pc=0x000002a5d277bf54 sp=0x000000bbc67ff0f0
Event: 1.021 Thread 0x000002a5c1cc1dd0 DEOPT UNPACKING pc=0x000002a5cace23a3 sp=0x000000bbc67ff060 mode 2
Event: 1.053 Thread 0x000002a5c1cc1dd0 DEOPT PACKING pc=0x000002a5cb390685 sp=0x000000bbc67ff380
Event: 1.053 Thread 0x000002a5c1cc1dd0 DEOPT UNPACKING pc=0x000002a5cace2b43 sp=0x000000bbc67fe868 mode 0
Event: 1.427 Thread 0x000002a5e1bdce60 DEOPT PACKING pc=0x000002a5cb39f298 sp=0x000000bbc80fcb10
Event: 1.427 Thread 0x000002a5e1bdce60 DEOPT UNPACKING pc=0x000002a5cace2b43 sp=0x000000bbc80fbf80 mode 0
Event: 1.877 Thread 0x000002a5e1bdce60 DEOPT PACKING pc=0x000002a5cb3d8352 sp=0x000000bbc80fc930
Event: 1.877 Thread 0x000002a5e1bdce60 DEOPT UNPACKING pc=0x000002a5cace2b43 sp=0x000000bbc80fbe48 mode 0
Event: 1.932 Thread 0x000002a5e1bdce60 DEOPT PACKING pc=0x000002a5cb3d8352 sp=0x000000bbc80fc9c0
Event: 1.932 Thread 0x000002a5e1bdce60 DEOPT UNPACKING pc=0x000002a5cace2b43 sp=0x000000bbc80fbed8 mode 0
Event: 2.107 Thread 0x000002a5e1bdce60 DEOPT PACKING pc=0x000002a5cb3a6aba sp=0x000000bbc80fc900
Event: 2.107 Thread 0x000002a5e1bdce60 DEOPT UNPACKING pc=0x000002a5cace2b43 sp=0x000000bbc80fbdf0 mode 0
Event: 3.232 Thread 0x000002a5e1bdce60 DEOPT PACKING pc=0x000002a5cb40571d sp=0x000000bbc80fe850
Event: 3.232 Thread 0x000002a5e1bdce60 DEOPT UNPACKING pc=0x000002a5cace2b43 sp=0x000000bbc80fdce8 mode 0

Classes unloaded (0 events):
No events

Classes redefined (0 events):
No events

Internal exceptions (14 events):
Event: 0.511 Thread 0x000002a5c1cc1dd0 Exception <a 'java/lang/ClassNotFoundException'{0x000000008a84fc10}: sun/awt/resources/spi/awtProvider> (0x000000008a84fc10) 
thrown [t:\workspace\open\src\hotspot\share\classfile\systemDictionary.cpp, line 256]
Event: 0.545 Thread 0x000002a5c1cc1dd0 Exception <a 'java/io/FileNotFoundException'{0x000000008a8aa4b8}> (0x000000008a8aa4b8) 
thrown [t:\workspace\open\src\hotspot\share\prims\jni.cpp, line 516]
Event: 0.557 Thread 0x000002a5c1cc1dd0 Exception <a 'java/io/FileNotFoundException'{0x000000008a8d9500}> (0x000000008a8d9500) 
thrown [t:\workspace\open\src\hotspot\share\prims\jni.cpp, line 516]
Event: 0.612 Thread 0x000002a5c1cc1dd0 Exception <a 'java/lang/NoSuchMethodError'{0x000000008a6135c8}: 'java.lang.Object java.lang.invoke.DirectMethodHandle$Holder.invokeStaticInit(java.lang.Object)'> (0x000000008a6135c8) 
thrown [t:\workspace\open\src\hotspot\share\interpreter\linkResolver.cpp, line 766]
Event: 0.658 Thread 0x000002a5c1cc1dd0 Exception <a 'java/lang/NoSuchMethodError'{0x000000008a669668}: 'void java.lang.invoke.DirectMethodHandle$Holder.invokeSpecial(java.lang.Object, java.lang.Object, java.lang.Object)'> (0x000000008a669668) 
thrown [t:\workspace\open\src\hotspot\share\interpreter\linkResolver.cpp, line 766]
Event: 0.675 Thread 0x000002a5c1cc1dd0 Exception <a 'java/lang/NoSuchMethodError'{0x000000008a530e48}: 'java.lang.Object java.lang.invoke.DirectMethodHandle$Holder.newInvokeSpecial(java.lang.Object, java.lang.Object, java.lang.Object, java.lang.Object, java.lang.Object)'> (0x000000008a530e48) 
thrown [t:\workspace\open\src\hotspot\share\interpreter\linkResolver.cpp, line 766]
Event: 0.679 Thread 0x000002a5c1cc1dd0 Exception <a 'java/lang/NoSuchMethodError'{0x000000008a53c810}: 'java.lang.Object java.lang.invoke.DirectMethodHandle$Holder.invokeStatic(java.lang.Object, int, java.lang.Object, java.lang.Object, java.lang.Object, java.lang.Object)'> (0x000000008a53c810) 
thrown [t:\workspace\open\src\hotspot\share\interpreter\linkResolver.cpp, line 766]
Event: 0.690 Thread 0x000002a5c1cc1dd0 Exception <a 'java/lang/NoSuchMethodError'{0x000000008a562600}: 'java.lang.Object java.lang.invoke.DirectMethodHandle$Holder.invokeStatic(java.lang.Object, int, java.lang.Object)'> (0x000000008a562600) 
thrown [t:\workspace\open\src\hotspot\share\interpreter\linkResolver.cpp, line 766]
Event: 0.750 Thread 0x000002a5c1cc1dd0 Exception <a 'java/lang/ClassNotFoundException'{0x000000008a44df08}: com/sun/swing/internal/plaf/metal/resources/spi/metalProvider> (0x000000008a44df08) 
thrown [t:\workspace\open\src\hotspot\share\classfile\systemDictionary.cpp, line 256]
Event: 0.751 Thread 0x000002a5c1cc1dd0 Exception <a 'java/lang/ClassNotFoundException'{0x000000008a454588}: com/sun/swing/internal/plaf/basic/resources/spi/basicProvider> (0x000000008a454588) 
thrown [t:\workspace\open\src\hotspot\share\classfile\systemDictionary.cpp, line 256]
Event: 0.824 Thread 0x000002a5c1cc1dd0 Exception <a 'java/lang/NoSuchMethodError'{0x000000008a3dcf48}: 'java.lang.Object java.lang.invoke.DirectMethodHandle$Holder.invokeStaticInit(java.lang.Object, int, int, int, int)'> (0x000000008a3dcf48) 
thrown [t:\workspace\open\src\hotspot\share\interpreter\linkResolver.cpp, line 766]
Event: 0.897 Thread 0x000002a5c1cc1dd0 Exception <a 'java/lang/NoSuchMethodError'{0x000000008a244780}: 'java.lang.Object java.lang.invoke.DirectMethodHandle$Holder.invokeStaticInit(java.lang.Object, java.lang.Object, int, int, int, int)'> (0x000000008a244780) 
thrown [t:\workspace\open\src\hotspot\share\interpreter\linkResolver.cpp, line 766]
Event: 0.931 Thread 0x000002a5e1bdf4e0 Exception <a 'java/lang/NoSuchMethodError'{0x000000008a68f1f0}: 'void java.lang.invoke.DirectMethodHandle$Holder.invokeVirtual(java.lang.Object, java.lang.Object)'> (0x000000008a68f1f0) 
thrown [t:\workspace\open\src\hotspot\share\interpreter\linkResolver.cpp, line 766]
Event: 0.954 Thread 0x000002a5c1cc1dd0 Exception <a 'java/lang/NoSuchMethodError'{0x000000008a1cf8d0}: 'void java.lang.invoke.DirectMethodHandle$Holder.invokeStaticInit(java.lang.Object)'> (0x000000008a1cf8d0) 
thrown [t:\workspace\open\src\hotspot\share\interpreter\linkResolver.cpp, line 766]

VM Operations (20 events):
Event: 21.843 Executing VM operation: get/set locals
Event: 21.845 Executing VM operation: get/set locals done
Event: 22.850 Executing VM operation: Cleanup
Event: 22.850 Executing VM operation: Cleanup done
Event: 25.873 Executing VM operation: Cleanup
Event: 25.874 Executing VM operation: Cleanup done
Event: 26.884 Executing VM operation: Cleanup
Event: 26.884 Executing VM operation: Cleanup done
Event: 28.271 Executing VM operation: G1CollectForAllocation
Event: 28.275 Executing VM operation: G1CollectForAllocation done
Event: 29.283 Executing VM operation: Cleanup
Event: 29.283 Executing VM operation: Cleanup done
Event: 30.288 Executing VM operation: Cleanup
Event: 30.289 Executing VM operation: Cleanup done
Event: 32.305 Executing VM operation: Cleanup
Event: 32.305 Executing VM operation: Cleanup done
Event: 33.312 Executing VM operation: Cleanup
Event: 33.312 Executing VM operation: Cleanup done
Event: 36.340 Executing VM operation: Cleanup
Event: 36.354 Executing VM operation: Cleanup done

Events (20 events):
Event: 1.128 loading class java/util/concurrent/BlockingQueue
Event: 1.129 loading class java/util/concurrent/BlockingQueue done
Event: 1.129 loading class java/util/concurrent/DelayQueue done
Event: 1.130 loading class java/util/PriorityQueue
Event: 1.131 loading class java/util/PriorityQueue done
Event: 1.132 loading class java/lang/invoke/MethodHandle$1
Event: 1.132 loading class java/lang/invoke/MethodHandle$1 done
Event: 1.135 Thread 0x000002a5e333b2e0 Thread added: 0x000002a5e333b2e0
Event: 1.135 loading class javax/swing/TimerQueue$DelayedTimer
Event: 1.135 loading class java/util/concurrent/Delayed
Event: 1.135 loading class java/util/concurrent/Delayed done
Event: 1.135 loading class javax/swing/TimerQueue$DelayedTimer done
Event: 1.135 loading class java/util/concurrent/TimeUnit$1
Event: 1.136 loading class java/util/concurrent/TimeUnit$1 done
Event: 1.136 loading class java/awt/TextComponent
Event: 1.136 loading class java/awt/TextComponent done
Event: 16.672 loading class java/security/DomainCombiner
Event: 16.691 loading class java/security/DomainCombiner done
Event: 17.147 loading class javax/swing/Icon
Event: 17.147 loading class javax/swing/Icon done


Dynamic libraries:
0x00007ff6e86b0000 - 0x00007ff6e86c0000 	C:\Program Files\Java\jdk-17.0.1\bin\javaw.exe
0x00007ff8c5300000 - 0x00007ff8c5509000 	C:\WINDOWS\SYSTEM32\ntdll.dll
0x00007ff8c34e0000 - 0x00007ff8c359e000 	C:\WINDOWS\System32\KERNEL32.DLL
0x00007ff8c2d50000 - 0x00007ff8c30cb000 	C:\WINDOWS\System32\KERNELBASE.dll
0x00007ff8bf370000 - 0x00007ff8bf402000 	C:\WINDOWS\SYSTEM32\apphelp.dll
0x00007ff8c27d0000 - 0x00007ff8c28e1000 	C:\WINDOWS\System32\ucrtbase.dll
0x00007ff883320000 - 0x00007ff883338000 	C:\Program Files\Java\jdk-17.0.1\bin\jli.dll
0x00007ff8826c0000 - 0x00007ff8826da000 	C:\Program Files\Java\jdk-17.0.1\bin\VCRUNTIME140.dll
0x00007ff8c3e30000 - 0x00007ff8c3ede000 	C:\WINDOWS\System32\ADVAPI32.dll
0x00007ff8c4e20000 - 0x00007ff8c4ec3000 	C:\WINDOWS\System32\msvcrt.dll
0x00007ff8c4540000 - 0x00007ff8c45de000 	C:\WINDOWS\System32\sechost.dll
0x00007ff8c41d0000 - 0x00007ff8c42f0000 	C:\WINDOWS\System32\RPCRT4.dll
0x00007ff8c32a0000 - 0x00007ff8c344d000 	C:\WINDOWS\System32\USER32.dll
0x00007ff8c3150000 - 0x00007ff8c3176000 	C:\WINDOWS\System32\win32u.dll
0x00007ff8c4430000 - 0x00007ff8c4459000 	C:\WINDOWS\System32\GDI32.dll
0x00007ff8c2b90000 - 0x00007ff8c2ca8000 	C:\WINDOWS\System32\gdi32full.dll
0x00007ff8a9250000 - 0x00007ff8a94f5000 	C:\WINDOWS\WinSxS\amd64_microsoft.windows.common-controls_6595b64144ccf1df_6.0.22000.120_none_9d947278b86cc467\COMCTL32.dll
0x00007ff8c2cb0000 - 0x00007ff8c2d4d000 	C:\WINDOWS\System32\msvcp_win.dll
0x00007ff8bc0f0000 - 0x00007ff8bc0fa000 	C:\WINDOWS\SYSTEM32\VERSION.dll
0x00007ff8c3d60000 - 0x00007ff8c3d92000 	C:\WINDOWS\System32\IMM32.DLL
0x00007ff8b1060000 - 0x00007ff8b106c000 	C:\Program Files\Java\jdk-17.0.1\bin\vcruntime140_1.dll
0x00007ff882630000 - 0x00007ff8826bd000 	C:\Program Files\Java\jdk-17.0.1\bin\msvcp140.dll
0x00007ff877f80000 - 0x00007ff878b3e000 	C:\Program Files\Java\jdk-17.0.1\bin\server\jvm.dll
0x00007ff8c45f0000 - 0x00007ff8c45f8000 	C:\WINDOWS\System32\PSAPI.DLL
0x00007ff8bc6e0000 - 0x00007ff8bc713000 	C:\WINDOWS\SYSTEM32\WINMM.dll
0x00007ff8a7e60000 - 0x00007ff8a7e69000 	C:\WINDOWS\SYSTEM32\WSOCK32.dll
0x00007ff8c3470000 - 0x00007ff8c34df000 	C:\WINDOWS\System32\WS2_32.dll
0x00007ff8c1810000 - 0x00007ff8c1828000 	C:\WINDOWS\SYSTEM32\kernel.appcore.dll
0x00007ff8bde20000 - 0x00007ff8bde2a000 	C:\Program Files\Java\jdk-17.0.1\bin\jimage.dll
0x00007ff8c03f0000 - 0x00007ff8c0611000 	C:\WINDOWS\SYSTEM32\DBGHELP.DLL
0x00007ff8b2370000 - 0x00007ff8b23a1000 	C:\WINDOWS\SYSTEM32\dbgcore.DLL
0x00007ff8c30d0000 - 0x00007ff8c314f000 	C:\WINDOWS\System32\bcryptPrimitives.dll
0x00007ff8a2c60000 - 0x00007ff8a2c9b000 	C:\Program Files\Java\jdk-17.0.1\bin\jdwp.dll
0x00007ff8b62d0000 - 0x00007ff8b62de000 	C:\Program Files\Java\jdk-17.0.1\bin\instrument.dll
0x00007ff89b810000 - 0x00007ff89b835000 	C:\Program Files\Java\jdk-17.0.1\bin\java.dll
0x00007ff888e80000 - 0x00007ff888f56000 	C:\Program Files\Java\jdk-17.0.1\bin\svml.dll
0x00007ff8c35a0000 - 0x00007ff8c3d58000 	C:\WINDOWS\System32\SHELL32.dll
0x00007ff8c0880000 - 0x00007ff8c10e5000 	C:\WINDOWS\SYSTEM32\windows.storage.dll
0x00007ff8c4ed0000 - 0x00007ff8c5248000 	C:\WINDOWS\System32\combase.dll
0x00007ff8c0710000 - 0x00007ff8c0876000 	C:\WINDOWS\SYSTEM32\wintypes.dll
0x00007ff8c4a80000 - 0x00007ff8c4b6a000 	C:\WINDOWS\System32\SHCORE.dll
0x00007ff8c43d0000 - 0x00007ff8c442d000 	C:\WINDOWS\System32\shlwapi.dll
0x00007ff8c2700000 - 0x00007ff8c2721000 	C:\WINDOWS\SYSTEM32\profapi.dll
0x00007ff8b1070000 - 0x00007ff8b107c000 	C:\Program Files\Java\jdk-17.0.1\bin\dt_socket.dll
0x00007ff8c1340000 - 0x00007ff8c136d000 	C:\WINDOWS\SYSTEM32\IPHLPAPI.DLL
0x00007ff8c1ca0000 - 0x00007ff8c1d07000 	C:\WINDOWS\system32\mswsock.dll
0x00007ff8c1370000 - 0x00007ff8c1458000 	C:\WINDOWS\SYSTEM32\DNSAPI.dll
0x00007ff8c45e0000 - 0x00007ff8c45e9000 	C:\WINDOWS\System32\NSI.dll
0x0000000073120000 - 0x0000000073146000 	C:\Program Files\Bonjour\mdnsNSP.dll
0x00007ff8b93c0000 - 0x00007ff8b93ca000 	C:\Windows\System32\rasadhlp.dll
0x00007ff8bb760000 - 0x00007ff8bb7e1000 	C:\WINDOWS\System32\fwpuclnt.dll
0x00007ff89f920000 - 0x00007ff89f938000 	C:\Program Files\Java\jdk-17.0.1\bin\zip.dll
0x00007ff89fa20000 - 0x00007ff89fa39000 	C:\Program Files\Java\jdk-17.0.1\bin\net.dll
0x00007ff8bc9b0000 - 0x00007ff8bcac4000 	C:\WINDOWS\SYSTEM32\WINHTTP.dll
0x00007ff89f940000 - 0x00007ff89f955000 	C:\Program Files\Java\jdk-17.0.1\bin\nio.dll
0x00007ff8b0d70000 - 0x00007ff8b0d80000 	C:\Program Files\Java\jdk-17.0.1\bin\verify.dll
0x00007ff85b900000 - 0x00007ff85ba8f000 	C:\Program Files\Java\jdk-17.0.1\bin\awt.dll
0x00007ff8c42f0000 - 0x00007ff8c43c6000 	C:\WINDOWS\System32\OLEAUT32.dll
0x00007ff8bfaf0000 - 0x00007ff8bfb9c000 	C:\WINDOWS\system32\uxtheme.dll
0x00007ff8c3180000 - 0x00007ff8c329d000 	C:\WINDOWS\System32\MSCTF.dll
0x00007ff8c3ee0000 - 0x00007ff8c407a000 	C:\WINDOWS\System32\ole32.dll
0x00007ff8c0040000 - 0x00007ff8c006f000 	C:\WINDOWS\system32\DWMAPI.DLL
0x00007ff8c1ff0000 - 0x00007ff8c2008000 	C:\WINDOWS\SYSTEM32\CRYPTSP.dll
0x00007ff8c1770000 - 0x00007ff8c17a5000 	C:\WINDOWS\system32\rsaenh.dll
0x00007ff8c1db0000 - 0x00007ff8c1dd9000 	C:\WINDOWS\SYSTEM32\USERENV.dll
0x00007ff8c21b0000 - 0x00007ff8c21d7000 	C:\WINDOWS\SYSTEM32\bcrypt.dll
0x00007ff8c1f00000 - 0x00007ff8c1f0c000 	C:\WINDOWS\SYSTEM32\CRYPTBASE.dll
0x00007ff8bcca0000 - 0x00007ff8bccb9000 	C:\WINDOWS\SYSTEM32\dhcpcsvc6.DLL
0x00007ff8bcf70000 - 0x00007ff8bcf8e000 	C:\WINDOWS\SYSTEM32\dhcpcsvc.DLL
0x00007ff8a3080000 - 0x00007ff8a3181000 	C:\WINDOWS\system32\opengl32.dll
0x00007ff8b4bf0000 - 0x00007ff8b4c1d000 	C:\WINDOWS\SYSTEM32\GLU32.dll
0x00007ff8bfbd0000 - 0x00007ff8bfc08000 	C:\WINDOWS\SYSTEM32\dxcore.dll
0x00007ff8825a0000 - 0x00007ff882629000 	C:\Program Files\Java\jdk-17.0.1\bin\freetype.dll
0x00007ff875fd0000 - 0x00007ff876078000 	C:\Program Files\Java\jdk-17.0.1\bin\fontmanager.dll
0x00007ff8c4110000 - 0x00007ff8c41c5000 	C:\WINDOWS\System32\clbcatq.dll
0x00007ff8bf940000 - 0x00007ff8bfaee000 	C:\WINDOWS\SYSTEM32\WindowsCodecs.dll
0x00007ff89ba50000 - 0x00007ff89baad000 	C:\WINDOWS\system32\dataexchange.dll
0x00007ff8b1c50000 - 0x00007ff8b1eb6000 	C:\WINDOWS\system32\twinapi.appcore.dll
0x00007ff89f630000 - 0x00007ff89f75d000 	C:\WINDOWS\SYSTEM32\textinputframework.dll
0x00007ff882520000 - 0x00007ff88259f000 	C:\Program Files\Java\jdk-17.0.1\bin\mlib_image.dll
0x00007ff8bf080000 - 0x00007ff8bf1b1000 	C:\WINDOWS\SYSTEM32\CoreMessaging.dll
0x00007ff8b3680000 - 0x00007ff8b39ed000 	C:\WINDOWS\SYSTEM32\CoreUIComponents.dll

dbghelp: loaded successfully - version: 4.0.5 - missing functions: none
symbol engine: initialized successfully - sym options: 0x614 - pdb path: .;C:\Program Files\Java\jdk-17.0.1\bin;C:\WINDOWS\SYSTEM32;C:\WINDOWS\WinSxS\amd64_microsoft.windows.common-controls_6595b64144ccf1df_6.0.22000.120_none_9d947278b86cc467;C:\Program Files\Java\jdk-17.0.1\bin\server;C:\Program Files\Bonjour

VM Arguments:
jvm_args: -XX:+ShowCodeDetailsInExceptionMessages -agentlib:jdwp=transport=dt_socket,suspend=y,address=localhost:60553 -javaagent:C:\Users\post\eclipse\java-2022-09\eclipse\configuration\org.eclipse.osgi\228\0\.cp\lib\javaagent-shaded.jar -Dfile.encoding=UTF-8 
java_command: MainClass
java_class_path (initial): C:\Users\post\git\OOPturtleGraphicsLibrary2023\bin
Launcher Type: SUN_STANDARD

[Global flags]
     intx CICompilerCount                          = 4                                         {product} {ergonomic}
     uint ConcGCThreads                            = 2                                         {product} {ergonomic}
     uint G1ConcRefinementThreads                  = 8                                         {product} {ergonomic}
   size_t G1HeapRegionSize                         = 1048576                                   {product} {ergonomic}
    uintx GCDrainStackTargetSize                   = 64                                        {product} {ergonomic}
   size_t InitialHeapSize                          = 132120576                                 {product} {ergonomic}
   size_t MarkStackSize                            = 4194304                                   {product} {ergonomic}
   size_t MaxHeapSize                              = 2097152000                                {product} {ergonomic}
   size_t MaxNewSize                               = 1258291200                                {product} {ergonomic}
   size_t MinHeapDeltaBytes                        = 1048576                                   {product} {ergonomic}
   size_t MinHeapSize                              = 8388608                                   {product} {ergonomic}
    uintx NonNMethodCodeHeapSize                   = 5839372                                {pd product} {ergonomic}
    uintx NonProfiledCodeHeapSize                  = 122909434                              {pd product} {ergonomic}
    uintx ProfiledCodeHeapSize                     = 122909434                              {pd product} {ergonomic}
    uintx ReservedCodeCacheSize                    = 251658240                              {pd product} {ergonomic}
     bool SegmentedCodeCache                       = true                                      {product} {ergonomic}
     bool ShowCodeDetailsInExceptionMessages       = true                                   {manageable} {command line}
   size_t SoftMaxHeapSize                          = 2097152000                             {manageable} {ergonomic}
     bool UseCompressedClassPointers               = true                           {product lp64_product} {ergonomic}
     bool UseCompressedOops                        = true                           {product lp64_product} {ergonomic}
     bool UseG1GC                                  = true                                      {product} {ergonomic}
     bool UseLargePagesIndividualAllocation        = false                                  {pd product} {ergonomic}

Logging:
Log output configuration:
 #0: stdout all=warning uptime,level,tags
 #1: stderr all=off uptime,level,tags

Environment Variables:
JAVA_HOME=C:\Program Files\Java\jdk-16.0.2
PATH=C:/Program Files/Java/jdk-17.0.1/bin/server;C:/Program Files/Java/jdk-17.0.1/bin;C:/Users/post/AppData/Local/Temp/eoiB347.tmp//plugins/org.eclipse.justj.openjdk.hotspot.jre.minimal.stripped.win32.x86_64_17.0.4.v20220903-1038/jre/bin/server;C:/Users/post/AppData/Local/Temp/eoiB347.tmp//plugins/org.eclipse.justj.openjdk.hotspot.jre.minimal.stripped.win32.x86_64_17.0.4.v20220903-1038/jre/bin;C:\Program Files\Google\Chrome\Application;C:\Program Files\Common Files\Oracle\Java\javapath;C:\WINDOWS\system32;C:\WINDOWS;C:\WINDOWS\System32\Wbem;C:\WINDOWS\System32\WindowsPowerShell\v1.0\;C:\WINDOWS\System32\OpenSSH\;C:\Program Files\dotnet\;C:\Program Files\PuTTY\;C:\Program Files (x86)\Calibre2\;C:\Program Files\Docker\Docker\resources\bin;C:\ProgramData\DockerDesktop\version-bin;C:\Program Files\Git\cmd;C:\Program Files\MySQL\MySQL Shell 8.0\bin\;C:\Users\post\AppData\Local\Microsoft\WindowsApps;C:\Users\post\.dotnet\tools;C:\Users\post\eclipse\apache-maven-3.8.4\bin;C:\gradle\gradle-7.3.3\bin;C:\Program Files\JetBrains\IntelliJ IDEA Community Edition 2021.3.3\bin;;C:\Users\post\Downloads\platform-tools_r33.0.2-windows\platform-tools;;C:\Users\post\Downloads;;C:\Users\post\Downloads;
USERNAME=post
OS=Windows_NT
PROCESSOR_IDENTIFIER=Intel64 Family 6 Model 142 Stepping 12, GenuineIntel



---------------  S Y S T E M  ---------------

OS:
 Windows 10 , 64 bit Build 22000 (10.0.22000.1219)
OS uptime: 18 days 12:30 hours
Hyper-V role detected

CPU: total 8 (initial active 8) (4 cores per cpu, 2 threads per core) family 6 model 142 stepping 12 microcode 0xf4, cx8, cmov, fxsr, ht, mmx, 3dnowpref, sse, sse2, sse3, ssse3, sse4.1, sse4.2, popcnt, lzcnt, tsc, tscinvbit, avx, avx2, aes, erms, clmul, bmi1, bmi2, adx, fma, vzeroupper, clflush, clflushopt, hv

Memory: 4k page, system-wide physical 7998M (272M free)
TotalPageFile size 32574M (AvailPageFile size 6M)
current process WorkingSet (physical memory assigned to process): 161M, peak: 177M
current process commit charge ("private bytes"): 241M, peak: 258M

vm_info: Java HotSpot(TM) 64-Bit Server VM (17.0.1+12-LTS-39) for windows-amd64 JRE (17.0.1+12-LTS-39), built on Sep 27 2021 18:41:35 by "mach5one" with MS VC++ 16.8 (VS2019)

END.
