#
# There is insufficient memory for the Java Runtime Environment to continue.
# Native memory allocation (mmap) failed to map 132120576 bytes for G1 virtual space
# Possible reasons:
#   The system is out of physical RAM or swap space
#   The process is running with CompressedOops enabled, and the Java Heap may be blocking the growth of the native heap
# Possible solutions:
#   Reduce memory load on the system
#   Increase physical memory or swap space
#   Check if swap backing store is full
#   Decrease Java heap size (-Xmx/-Xms)
#   Decrease number of Java threads
#   Decrease Java thread stack sizes (-Xss)
#   Set larger code cache with -XX:ReservedCodeCacheSize=
#   JVM is running with Unscaled Compressed Oops mode in which the Java heap is
#     placed in the first 4GB address space. The Java Heap base address is the
#     maximum limit for the native heap growth. Please use -XX:HeapBaseMinAddress
#     to set the Java Heap base and to place the Java Heap above 4GB virtual address.
# This output file may be truncated or incomplete.
#
#  Out of Memory Error (os_windows.cpp:3469), pid=9572, tid=32860
#
# JRE version:  (17.0.1+12) (build )
# Java VM: Java HotSpot(TM) 64-Bit Server VM (17.0.1+12-LTS-39, mixed mode, sharing, tiered, compressed oops, compressed class ptrs, g1 gc, windows-amd64)
# No core dump will be written. Minidumps are not enabled by default on client versions of Windows
#

---------------  S U M M A R Y ------------

Command Line: -Dfile.encoding=UTF-8 -XX:+ShowCodeDetailsInExceptionMessages MainClass

Host: Intel(R) Core(TM) i5-8265U CPU @ 1.60GHz, 8 cores, 7G,  Windows 10 , 64 bit Build 22000 (10.0.22000.1219)
Time: Fri Dec  9 15:52:54 2022 GMT Standard Time elapsed time: 0.034377 seconds (0d 0h 0m 0s)

---------------  T H R E A D  ---------------

Current thread (0x0000017a1fc40780):  JavaThread "Unknown thread" [_thread_in_vm, id=32860, stack(0x0000006a4eb00000,0x0000006a4ec00000)]

Stack: [0x0000006a4eb00000,0x0000006a4ec00000]
Native frames: (J=compiled Java code, j=interpreted, Vv=VM code, C=native code)
V  [jvm.dll+0x66fa1a]
V  [jvm.dll+0x7ce5a4]
V  [jvm.dll+0x7cfd4e]
V  [jvm.dll+0x7d03b3]
V  [jvm.dll+0x242b05]
V  [jvm.dll+0x66ca39]
V  [jvm.dll+0x661502]
V  [jvm.dll+0x30081b]
V  [jvm.dll+0x307da6]
V  [jvm.dll+0x357a1e]
V  [jvm.dll+0x357c4f]
V  [jvm.dll+0x2d7ad8]
V  [jvm.dll+0x2d8a44]
V  [jvm.dll+0x7a01e1]
V  [jvm.dll+0x365791]
V  [jvm.dll+0x77f6cc]
V  [jvm.dll+0x3e812f]
V  [jvm.dll+0x3e9bd1]
C  [jli.dll+0x527b]
C  [ucrtbase.dll+0x26c0c]
C  [KERNEL32.DLL+0x15550]
C  [ntdll.dll+0x485b]


---------------  P R O C E S S  ---------------

Threads class SMR info:
_java_thread_list=0x00007ff8720a7818, length=0, elements={
}

Java Threads: ( => current thread )

Other Threads:
  0x0000017a1fc7f240 GCTaskThread "GC Thread#0" [stack: 0x0000006a4ec00000,0x0000006a4ed00000] [id=34436]
  0x0000017a1fc90480 ConcurrentGCThread "G1 Main Marker" [stack: 0x0000006a4ed00000,0x0000006a4ee00000] [id=6820]
  0x0000017a1fc90e90 ConcurrentGCThread "G1 Conc#0" [stack: 0x0000006a4ee00000,0x0000006a4ef00000] [id=34808]

[error occurred during error reporting (printing all threads), id 0xc0000005, EXCEPTION_ACCESS_VIOLATION (0xc0000005) at pc=0x00007ff8718f84b7]

VM state: not at safepoint (not fully initialized)

VM Mutex/Monitor currently owned by a thread:  ([mutex/lock_event])
[0x0000017a1fc3abf0] Heap_lock - owner thread: 0x0000017a1fc40780

Heap address: 0x0000000083000000, size: 2000 MB, Compressed Oops mode: 32-bit

CDS archive(s) mapped at: [0x0000000000000000-0x0000000000000000-0x0000000000000000), size 0, SharedBaseAddress: 0x0000000800000000, ArchiveRelocationMode: 0.
Narrow klass base: 0x0000000000000000, Narrow klass shift: 0, Narrow klass range: 0x0

GC Precious Log:
<Empty>

Heap:
 garbage-first heap   total 0K, used 0K [0x0000000083000000, 0x0000000100000000)
  region size 1024K, 0 young (0K), 0 survivors (0K)

[error occurred during error reporting (printing heap information), id 0xc0000005, EXCEPTION_ACCESS_VIOLATION (0xc0000005) at pc=0x00007ff871cd8d89]

GC Heap History (0 events):
No events

Deoptimization events (0 events):
No events

Classes unloaded (0 events):
No events

Classes redefined (0 events):
No events

Internal exceptions (0 events):
No events

VM Operations (0 events):
No events

Events (1 events):
Event: 0.024 Loaded shared library C:\Program Files\Java\jdk-17.0.1\bin\java.dll


Dynamic libraries:
0x00007ff60da70000 - 0x00007ff60da80000 	C:\Program Files\Java\jdk-17.0.1\bin\javaw.exe
0x00007ff8c5300000 - 0x00007ff8c5509000 	C:\WINDOWS\SYSTEM32\ntdll.dll
0x00007ff8c34e0000 - 0x00007ff8c359e000 	C:\WINDOWS\System32\KERNEL32.DLL
0x00007ff8c2d50000 - 0x00007ff8c30cb000 	C:\WINDOWS\System32\KERNELBASE.dll
0x00007ff8bf370000 - 0x00007ff8bf402000 	C:\WINDOWS\SYSTEM32\apphelp.dll
0x00007ff8c27d0000 - 0x00007ff8c28e1000 	C:\WINDOWS\System32\ucrtbase.dll
0x00007ff891200000 - 0x00007ff89121a000 	C:\Program Files\Java\jdk-17.0.1\bin\VCRUNTIME140.dll
0x00007ff89e660000 - 0x00007ff89e678000 	C:\Program Files\Java\jdk-17.0.1\bin\jli.dll
0x00007ff8c3e30000 - 0x00007ff8c3ede000 	C:\WINDOWS\System32\ADVAPI32.dll
0x00007ff8c4e20000 - 0x00007ff8c4ec3000 	C:\WINDOWS\System32\msvcrt.dll
0x00007ff8c4540000 - 0x00007ff8c45de000 	C:\WINDOWS\System32\sechost.dll
0x00007ff8c41d0000 - 0x00007ff8c42f0000 	C:\WINDOWS\System32\RPCRT4.dll
0x00007ff8c32a0000 - 0x00007ff8c344d000 	C:\WINDOWS\System32\USER32.dll
0x00007ff8c3150000 - 0x00007ff8c3176000 	C:\WINDOWS\System32\win32u.dll
0x00007ff8a9250000 - 0x00007ff8a94f5000 	C:\WINDOWS\WinSxS\amd64_microsoft.windows.common-controls_6595b64144ccf1df_6.0.22000.120_none_9d947278b86cc467\COMCTL32.dll
0x00007ff8c4430000 - 0x00007ff8c4459000 	C:\WINDOWS\System32\GDI32.dll
0x00007ff8c2b90000 - 0x00007ff8c2ca8000 	C:\WINDOWS\System32\gdi32full.dll
0x00007ff8c2cb0000 - 0x00007ff8c2d4d000 	C:\WINDOWS\System32\msvcp_win.dll
0x00007ff8bc0f0000 - 0x00007ff8bc0fa000 	C:\WINDOWS\SYSTEM32\VERSION.dll
0x00007ff8c3d60000 - 0x00007ff8c3d92000 	C:\WINDOWS\System32\IMM32.DLL
0x00007ff8a5290000 - 0x00007ff8a529c000 	C:\Program Files\Java\jdk-17.0.1\bin\vcruntime140_1.dll
0x00007ff883020000 - 0x00007ff8830ad000 	C:\Program Files\Java\jdk-17.0.1\bin\msvcp140.dll
0x00007ff871610000 - 0x00007ff8721ce000 	C:\Program Files\Java\jdk-17.0.1\bin\server\jvm.dll
0x00007ff8c45f0000 - 0x00007ff8c45f8000 	C:\WINDOWS\System32\PSAPI.DLL
0x00007ff8a7e60000 - 0x00007ff8a7e69000 	C:\WINDOWS\SYSTEM32\WSOCK32.dll
0x00007ff8c3470000 - 0x00007ff8c34df000 	C:\WINDOWS\System32\WS2_32.dll
0x00007ff8bc6e0000 - 0x00007ff8bc713000 	C:\WINDOWS\SYSTEM32\WINMM.dll
0x00007ff8c1810000 - 0x00007ff8c1828000 	C:\WINDOWS\SYSTEM32\kernel.appcore.dll
0x00007ff8a3fd0000 - 0x00007ff8a3fda000 	C:\Program Files\Java\jdk-17.0.1\bin\jimage.dll
0x00007ff8c03f0000 - 0x00007ff8c0611000 	C:\WINDOWS\SYSTEM32\DBGHELP.DLL
0x00007ff8b2370000 - 0x00007ff8b23a1000 	C:\WINDOWS\SYSTEM32\dbgcore.DLL
0x00007ff8c30d0000 - 0x00007ff8c314f000 	C:\WINDOWS\System32\bcryptPrimitives.dll
0x00007ff88ba40000 - 0x00007ff88ba65000 	C:\Program Files\Java\jdk-17.0.1\bin\java.dll

dbghelp: loaded successfully - version: 4.0.5 - missing functions: none
symbol engine: initialized successfully - sym options: 0x614 - pdb path: .;C:\Program Files\Java\jdk-17.0.1\bin;C:\WINDOWS\SYSTEM32;C:\WINDOWS\WinSxS\amd64_microsoft.windows.common-controls_6595b64144ccf1df_6.0.22000.120_none_9d947278b86cc467;C:\Program Files\Java\jdk-17.0.1\bin\server

VM Arguments:
jvm_args: -Dfile.encoding=UTF-8 -XX:+ShowCodeDetailsInExceptionMessages 
java_command: MainClass
java_class_path (initial): C:\Users\post\git\OOPturtleGraphicsLibrary2023\bin
Launcher Type: SUN_STANDARD

[Global flags]
     intx CICompilerCount                          = 4                                         {product} {ergonomic}
     uint ConcGCThreads                            = 2                                         {product} {ergonomic}
     uint G1ConcRefinementThreads                  = 8                                         {product} {ergonomic}
   size_t G1HeapRegionSize                         = 1048576                                   {product} {ergonomic}
    uintx GCDrainStackTargetSize                   = 64                                        {product} {ergonomic}
   size_t InitialHeapSize                          = 132120576                                 {product} {ergonomic}
   size_t MarkStackSize                            = 4194304                                   {product} {ergonomic}
   size_t MaxHeapSize                              = 2097152000                                {product} {ergonomic}
   size_t MinHeapDeltaBytes                        = 1048576                                   {product} {ergonomic}
   size_t MinHeapSize                              = 8388608                                   {product} {ergonomic}
    uintx NonNMethodCodeHeapSize                   = 5839372                                {pd product} {ergonomic}
    uintx NonProfiledCodeHeapSize                  = 122909434                              {pd product} {ergonomic}
    uintx ProfiledCodeHeapSize                     = 122909434                              {pd product} {ergonomic}
    uintx ReservedCodeCacheSize                    = 251658240                              {pd product} {ergonomic}
     bool SegmentedCodeCache                       = true                                      {product} {ergonomic}
     bool ShowCodeDetailsInExceptionMessages       = true                                   {manageable} {command line}
   size_t SoftMaxHeapSize                          = 2097152000                             {manageable} {ergonomic}
     bool UseCompressedClassPointers               = true                           {product lp64_product} {ergonomic}
     bool UseCompressedOops                        = true                           {product lp64_product} {ergonomic}
     bool UseG1GC                                  = true                                      {product} {ergonomic}
     bool UseLargePagesIndividualAllocation        = false                                  {pd product} {ergonomic}

Logging:
Log output configuration:
 #0: stdout all=warning uptime,level,tags
 #1: stderr all=off uptime,level,tags

Environment Variables:
JAVA_HOME=C:\Program Files\Java\jdk-16.0.2
PATH=C:\Program Files\Common Files\Oracle\Java\javapath;C:\WINDOWS\system32;C:\WINDOWS;C:\WINDOWS\System32\Wbem;C:\WINDOWS\System32\WindowsPowerShell\v1.0\;C:\WINDOWS\System32\OpenSSH\;C:\Program Files\dotnet\;C:\Program Files\PuTTY\;C:\Program Files (x86)\Calibre2\;C:\Program Files\Docker\Docker\resources\bin;C:\ProgramData\DockerDesktop\version-bin;C:\Program Files\Git\cmd;C:\Program Files\MySQL\MySQL Shell 8.0\bin\;C:\Users\post\AppData\Local\Microsoft\WindowsApps;C:\Users\post\.dotnet\tools;C:\Users\post\eclipse\apache-maven-3.8.4\bin;C:\gradle\gradle-7.3.3\bin;C:\Program Files\JetBrains\IntelliJ IDEA Community Edition 2021.3.3\bin;;C:\Users\post\Downloads\platform-tools_r33.0.2-windows\platform-tools;
USERNAME=post
OS=Windows_NT
PROCESSOR_IDENTIFIER=Intel64 Family 6 Model 142 Stepping 12, GenuineIntel



---------------  S Y S T E M  ---------------

OS:
 Windows 10 , 64 bit Build 22000 (10.0.22000.1219)
OS uptime: 20 days 13:06 hours
Hyper-V role detected

CPU: total 8 (initial active 8) (4 cores per cpu, 2 threads per core) family 6 model 142 stepping 12 microcode 0xf4, cx8, cmov, fxsr, ht, mmx, 3dnowpref, sse, sse2, sse3, ssse3, sse4.1, sse4.2, popcnt, lzcnt, tsc, tscinvbit, avx, avx2, aes, erms, clmul, bmi1, bmi2, adx, fma, vzeroupper, clflush, clflushopt, hv

Memory: 4k page, system-wide physical 7998M (652M free)
TotalPageFile size 32574M (AvailPageFile size 76M)
current process WorkingSet (physical memory assigned to process): 11M, peak: 11M
current process commit charge ("private bytes"): 60M, peak: 186M

vm_info: Java HotSpot(TM) 64-Bit Server VM (17.0.1+12-LTS-39) for windows-amd64 JRE (17.0.1+12-LTS-39), built on Sep 27 2021 18:41:35 by "mach5one" with MS VC++ 16.8 (VS2019)

END.
